<?xml version="1.0" encoding="UTF-8"?>
<testsuites>
  <testsuite name="fastlane.lanes">
    
    
    
      
      <testcase classname="fastlane.lanes" name="0: default_platform" time="0.025277">
        
      </testcase>
    
      
      <testcase classname="fastlane.lanes" name="1: cocoapods" time="14.744473">
        
      </testcase>
    
      
      <testcase classname="fastlane.lanes" name="2: git_add" time="0.189215">
        
      </testcase>
    
      
      <testcase classname="fastlane.lanes" name="3: git_commit" time="0.221297">
        
      </testcase>
    
      
      <testcase classname="fastlane.lanes" name="4: push_to_git_remote" time="1.222809">
        
      </testcase>
    
      
      <testcase classname="fastlane.lanes" name="5: add_git_tag" time="0.084777">
        
      </testcase>
    
      
      <testcase classname="fastlane.lanes" name="6: push_git_tags" time="0.763206">
        
      </testcase>
    
      
      <testcase classname="fastlane.lanes" name="7: pod_lib_lint" time="45.493735">
        
          <failure message="/Users/Xinboy/.rvm/rubies/ruby-2.5.1/lib/ruby/gems/2.5.0/gems/fastlane-2.109.1/fastlane/lib/fastlane/actions/actions_helper.rb:48:in `execute_action'&#10;/Users/Xinboy/.rvm/rubies/ruby-2.5.1/lib/ruby/gems/2.5.0/gems/fastlane-2.109.1/fastlane/lib/fastlane/runner.rb:232:in `block in execute_action'&#10;/Users/Xinboy/.rvm/rubies/ruby-2.5.1/lib/ruby/gems/2.5.0/gems/fastlane-2.109.1/fastlane/lib/fastlane/runner.rb:227:in `chdir'&#10;/Users/Xinboy/.rvm/rubies/ruby-2.5.1/lib/ruby/gems/2.5.0/gems/fastlane-2.109.1/fastlane/lib/fastlane/runner.rb:227:in `execute_action'&#10;/Users/Xinboy/.rvm/rubies/ruby-2.5.1/lib/ruby/gems/2.5.0/gems/fastlane-2.109.1/fastlane/lib/fastlane/runner.rb:157:in `trigger_action_by_name'&#10;/Users/Xinboy/.rvm/rubies/ruby-2.5.1/lib/ruby/gems/2.5.0/gems/fastlane-2.109.1/fastlane/lib/fastlane/fast_file.rb:154:in `method_missing'&#10;Fastfile:47:in `block (2 levels) in parsing_binding'&#10;/Users/Xinboy/.rvm/rubies/ruby-2.5.1/lib/ruby/gems/2.5.0/gems/fastlane-2.109.1/fastlane/lib/fastlane/lane.rb:33:in `call'&#10;/Users/Xinboy/.rvm/rubies/ruby-2.5.1/lib/ruby/gems/2.5.0/gems/fastlane-2.109.1/fastlane/lib/fastlane/runner.rb:49:in `block in execute'&#10;/Users/Xinboy/.rvm/rubies/ruby-2.5.1/lib/ruby/gems/2.5.0/gems/fastlane-2.109.1/fastlane/lib/fastlane/runner.rb:45:in `chdir'&#10;/Users/Xinboy/.rvm/rubies/ruby-2.5.1/lib/ruby/gems/2.5.0/gems/fastlane-2.109.1/fastlane/lib/fastlane/runner.rb:45:in `execute'&#10;/Users/Xinboy/.rvm/rubies/ruby-2.5.1/lib/ruby/gems/2.5.0/gems/fastlane-2.109.1/fastlane/lib/fastlane/lane_manager.rb:56:in `cruise_lane'&#10;/Users/Xinboy/.rvm/rubies/ruby-2.5.1/lib/ruby/gems/2.5.0/gems/fastlane-2.109.1/fastlane/lib/fastlane/command_line_handler.rb:36:in `handle'&#10;/Users/Xinboy/.rvm/rubies/ruby-2.5.1/lib/ruby/gems/2.5.0/gems/fastlane-2.109.1/fastlane/lib/fastlane/commands_generator.rb:108:in `block (2 levels) in run'&#10;/Users/Xinboy/.rvm/rubies/ruby-2.5.1/lib/ruby/gems/2.5.0/gems/commander-fastlane-4.4.6/lib/commander/command.rb:178:in `call'&#10;/Users/Xinboy/.rvm/rubies/ruby-2.5.1/lib/ruby/gems/2.5.0/gems/commander-fastlane-4.4.6/lib/commander/command.rb:153:in `run'&#10;/Users/Xinboy/.rvm/rubies/ruby-2.5.1/lib/ruby/gems/2.5.0/gems/commander-fastlane-4.4.6/lib/commander/runner.rb:476:in `run_active_command'&#10;/Users/Xinboy/.rvm/rubies/ruby-2.5.1/lib/ruby/gems/2.5.0/gems/fastlane-2.109.1/fastlane_core/lib/fastlane_core/ui/fastlane_runner.rb:76:in `run!'&#10;/Users/Xinboy/.rvm/rubies/ruby-2.5.1/lib/ruby/gems/2.5.0/gems/commander-fastlane-4.4.6/lib/commander/delegates.rb:15:in `run!'&#10;/Users/Xinboy/.rvm/rubies/ruby-2.5.1/lib/ruby/gems/2.5.0/gems/fastlane-2.109.1/fastlane/lib/fastlane/commands_generator.rb:333:in `run'&#10;/Users/Xinboy/.rvm/rubies/ruby-2.5.1/lib/ruby/gems/2.5.0/gems/fastlane-2.109.1/fastlane/lib/fastlane/commands_generator.rb:41:in `start'&#10;/Users/Xinboy/.rvm/rubies/ruby-2.5.1/lib/ruby/gems/2.5.0/gems/fastlane-2.109.1/fastlane/lib/fastlane/cli_tools_distributor.rb:108:in `take_off'&#10;/Users/Xinboy/.rvm/gems/ruby-2.5.1@global/gems/fastlane-2.109.1/bin/fastlane:23:in `&lt;top (required)&gt;'&#10;/Users/Xinboy/.rvm/rubies/ruby-2.5.1/bin/fastlane:23:in `load'&#10;/Users/Xinboy/.rvm/rubies/ruby-2.5.1/bin/fastlane:23:in `&lt;main&gt;'&#10;/Users/Xinboy/.rvm/gems/ruby-2.5.1@global/bin/ruby_executable_hooks:24:in `eval'&#10;/Users/Xinboy/.rvm/gems/ruby-2.5.1@global/bin/ruby_executable_hooks:24:in `&lt;main&gt;'&#10;&#10;Exit status of command 'bundle exec pod lib lint --allow-warnings' was 1 instead of 0.&#10;&#10; -&gt; XBCategoryKit#&lt;Thread:0x00007fe0e32d5980@/Users/Xinboy/.rvm/gems/ruby-2.5.1/gems/cocoapods-1.5.3/lib/cocoapods/executable.rb:166 run&gt; terminated with exception (report_on_exception is true):&#10;/Users/Xinboy/.rvm/gems/ruby-2.5.1/gems/cocoapods-1.5.3/lib/cocoapods/executable.rb:170:in `readpartial': stream closed in another thread (IOError)&#10;	from /Users/Xinboy/.rvm/gems/ruby-2.5.1/gems/cocoapods-1.5.3/lib/cocoapods/executable.rb:170:in `block (2 levels) in reader'&#10;	from /Users/Xinboy/.rvm/gems/ruby-2.5.1/gems/cocoapods-1.5.3/lib/cocoapods/executable.rb:169:in `loop'&#10;	from /Users/Xinboy/.rvm/gems/ruby-2.5.1/gems/cocoapods-1.5.3/lib/cocoapods/executable.rb:169:in `block in reader'&#10; -&gt; XBCategoryKit (0.2.8)&#10;    - ERROR | [iOS] xcodebuild: Returned an unsuccessful exit code. You can use `--verbose` for more information.&#10;    - NOTE  | xcodebuild:  note: Using new build system&#10;    - NOTE  | [iOS] xcodebuild:  note: Planning build&#10;    - NOTE  | [iOS] xcodebuild:  note: Constructing build description&#10;    - NOTE  | [iOS] xcodebuild:  warning: Skipping code signing because the target does not have an Info.plist file. (in target 'App')&#10;    - WARN  | xcodebuild:  Masonry/Masonry/View+MASAdditions.m:14:65: warning: parameter of overriding method should be annotated with __attribute__((noescape)) [-Wmissing-noescape]&#10;    - NOTE  | xcodebuild:  Masonry/Masonry/View+MASAdditions.h:87:81: note: parameter of overridden method is annotated with __attribute__((noescape))&#10;    - WARN  | xcodebuild:  Masonry/Masonry/View+MASAdditions.m:21:67: warning: parameter of overriding method should be annotated with __attribute__((noescape)) [-Wmissing-noescape]&#10;    - NOTE  | xcodebuild:  Masonry/Masonry/View+MASAdditions.h:98:83: note: parameter of overridden method is annotated with __attribute__((noescape))&#10;    - WARN  | xcodebuild:  Masonry/Masonry/View+MASAdditions.m:29:71: warning: parameter of overriding method should be annotated with __attribute__((noescape)) [-Wmissing-noescape]&#10;    - NOTE  | xcodebuild:  Masonry/Masonry/View+MASAdditions.h:109:83: note: parameter of overridden method is annotated with __attribute__((noescape))&#10;    - WARN  | xcodebuild:  Masonry/Masonry/NSArray+MASAdditions.m:14:69: warning: parameter of overriding method should be annotated with __attribute__((noescape)) [-Wmissing-noescape]&#10;    - NOTE  | xcodebuild:  Masonry/Masonry/NSArray+MASAdditions.h:28:82: note: parameter of overridden method is annotated with __attribute__((noescape))&#10;    - WARN  | xcodebuild:  Masonry/Masonry/NSArray+MASAdditions.m:23:71: warning: parameter of overriding method should be annotated with __attribute__((noescape)) [-Wmissing-noescape]&#10;    - NOTE  | xcodebuild:  Masonry/Masonry/NSArray+MASAdditions.h:39:84: note: parameter of overridden method is annotated with __attribute__((noescape))&#10;    - WARN  | xcodebuild:  Masonry/Masonry/NSArray+MASAdditions.m:32:71: warning: parameter of overriding method should be annotated with __attribute__((noescape)) [-Wmissing-noescape]&#10;    - NOTE  | xcodebuild:  Masonry/Masonry/NSArray+MASAdditions.h:50:84: note: parameter of overridden method is annotated with __attribute__((noescape))&#10;    - NOTE  | [iOS] xcodebuild:  /Users/Xinboy/Developer/iOS 项目模板/Modules/BasedModules/XBCategoryKit/XBCategoryKit/Classes/UIKit/UIView/UIView+PlaceholderView.m:12:9: fatal error: 'UIColor+Extension.h' file not found&#10;    - WARN  | [iOS] xcodebuild:  /Users/Xinboy/Developer/iOS 项目模板/Modules/BasedModules/XBCategoryKit/XBCategoryKit/Classes/Foundation/NSString+Regex.m:147:37: warning: implicit conversion loses integer precision: 'unsigned long' to 'int' [-Wshorten-64-to-32]&#10;&#10;[!] XBCategoryKit did not pass validation, due to 1 error.&#10;You can use the `--no-clean` option to inspect any issue.&#10;" />
        
      </testcase>
    
  </testsuite>
</testsuites>
